Using pre-set license
Built from '2020.2/staging' branch; Version is '2020.2.5f1 (e2c53f129de5) revision 14861631'; Using compiler version '192528614'; Build Type 'Release'
OS: 'Windows 10 Home; OS build 19041.1083; Version 2004; 64bit' Language: 'en' Physical Memory: 16244 MB
BatchMode: 1, IsHumanControllingUs: 0, StartBugReporterOnCrash: 0, Is64bit: 1, IsPro: 0

 COMMAND LINE ARGUMENTS:
C:\Program Files\Unity\Hub\Editor\2020.2.5f1\Editor\Unity.exe
-adb2
-batchMode
-noUpm
-name
AssetImportWorker2
-projectPath
D:/UnityProjects/FinalProject
-logFile
Logs/AssetImportWorker2.log
-srvPort
62515
Successfully changed project path to: D:/UnityProjects/FinalProject
D:/UnityProjects/FinalProject
Using Asset Import Pipeline V2.
Refreshing native plugins compatible for Editor in 41.62 ms, found 0 plugins.
Preloading 0 native plugins for Editor in 0.00 ms.
Initialize engine version: 2020.2.5f1 (e2c53f129de5)
[Subsystems] Discovering subsystems at path C:/Program Files/Unity/Hub/Editor/2020.2.5f1/Editor/Data/Resources/UnitySubsystems
[Subsystems] Discovering subsystems at path D:/UnityProjects/FinalProject/Assets
GfxDevice: creating device client; threaded=0
Direct3D:
    Version:  Direct3D 11.0 [level 11.0]
    Renderer: NVIDIA GeForce GTX 960M (ID=0x139b)
    Vendor:   
    VRAM:     4055 MB
    Driver:   26.21.14.3648
Initialize mono
Mono path[0] = 'C:/Program Files/Unity/Hub/Editor/2020.2.5f1/Editor/Data/Managed'
Mono path[1] = 'C:/Program Files/Unity/Hub/Editor/2020.2.5f1/Editor/Data/MonoBleedingEdge/lib/mono/unityjit'
Mono config path = 'C:/Program Files/Unity/Hub/Editor/2020.2.5f1/Editor/Data/MonoBleedingEdge/etc'
Using monoOptions --debugger-agent=transport=dt_socket,embedding=1,server=y,suspend=n,address=127.0.0.1:56744
Begin MonoManager ReloadAssembly
Registering precompiled unity dll's ...
Register platform support module: C:/Program Files/Unity/Hub/Editor/2020.2.5f1/Editor/Data/PlaybackEngines/WindowsStandaloneSupport/UnityEditor.WindowsStandalone.Extensions.dll
Registered in 0.002962 seconds.
Native extension for WindowsStandalone target not found
Refreshing native plugins compatible for Editor in 35.92 ms, found 0 plugins.
Preloading 0 native plugins for Editor in 0.00 ms.
Invoked RoslynAnalysisRunner static constructor.
RoslynAnalysisRunner will not be running.
RoslynAnalysisRunner has terminated.
Mono: successfully reloaded assembly
- Completed reload, in  1.685 seconds
Platform modules already initialized, skipping
Registering precompiled user dll's ...
Registered in 0.000860 seconds.
Begin MonoManager ReloadAssembly
Native extension for WindowsStandalone target not found
Refreshing native plugins compatible for Editor in 0.51 ms, found 0 plugins.
Preloading 0 native plugins for Editor in 0.00 ms.
Invoked RoslynAnalysisRunner static constructor.
RoslynAnalysisRunner will not be running.
RoslynAnalysisRunner has terminated.
Mono: successfully reloaded assembly
- Completed reload, in  1.179 seconds
Platform modules already initialized, skipping
========================================================================
Worker process is ready to serve import requests
Launched and connected shader compiler UnityShaderCompiler.exe after 0.16 seconds
Refreshing native plugins compatible for Editor in 0.60 ms, found 0 plugins.
Preloading 0 native plugins for Editor in 0.00 ms.
Unloading 1243 Unused Serialized files (Serialized files now loaded: 0)
System memory in use before: 65.6 MB.
System memory in use after: 65.6 MB.

Unloading 10 unused Assets to reduce memory usage. Loaded Objects now: 1687.
Total: 3.760600 ms (FindLiveObjects: 0.424100 ms CreateObjectMapping: 0.236600 ms MarkObjects: 2.882000 ms  DeleteObjects: 0.216200 ms)

========================================================================
Received Import Request.
  path: Assets/Prefabs/SideKick/SideKick.prefab
  artifactKey: Guid(e8eab9141fc9792498765a05f29abce5) Importer(815301076,1909f56bfc062723c751e8b465ee728b)
Start importing Assets/Prefabs/SideKick/SideKick.prefab using Guid(e8eab9141fc9792498765a05f29abce5) Importer(815301076,1909f56bfc062723c751e8b465ee728b)  -> (artifact id: '6f81f5158633cfba9202004f95b3b7bc') in 0.252628 seconds
  Import took 0.257151 seconds .

========================================================================
Received Import Request.
  Time since last request: 17.832321 seconds.
  path: Assets/Prefabs/LevelPack.prefab
  artifactKey: Guid(ee484f58ef14f654e9155e72ac558313) Importer(815301076,1909f56bfc062723c751e8b465ee728b)
Start importing Assets/Prefabs/LevelPack.prefab using Guid(ee484f58ef14f654e9155e72ac558313) Importer(815301076,1909f56bfc062723c751e8b465ee728b)  -> (artifact id: '40789e28125ee611b6026f47d7d15cfd') in 0.184644 seconds
  Import took 0.192681 seconds .

========================================================================
Received Import Request.
  Time since last request: 18.852512 seconds.
  path: Assets/Prefabs/SideKick
  artifactKey: Guid(273514fcbdd7f3a489550aca192d2d99) Importer(815301076,1909f56bfc062723c751e8b465ee728b)
Start importing Assets/Prefabs/SideKick using Guid(273514fcbdd7f3a489550aca192d2d99) Importer(815301076,1909f56bfc062723c751e8b465ee728b)  -> (artifact id: 'fe25c34c096afe7f24c2bdcd7134c158') in 0.005563 seconds
  Import took 0.010001 seconds .

========================================================================
Received Prepare
Registering precompiled user dll's ...
Registered in 0.000906 seconds.
Begin MonoManager ReloadAssembly
Native extension for WindowsStandalone target not found
Refreshing native plugins compatible for Editor in 0.30 ms, found 0 plugins.
Preloading 0 native plugins for Editor in 0.00 ms.
Invoked RoslynAnalysisRunner static constructor.
RoslynAnalysisRunner will not be running.
RoslynAnalysisRunner has terminated.
Mono: successfully reloaded assembly
- Completed reload, in  1.030 seconds
Platform modules already initialized, skipping
Refreshing native plugins compatible for Editor in 0.32 ms, found 0 plugins.
Preloading 0 native plugins for Editor in 0.00 ms.
Unloading 1211 Unused Serialized files (Serialized files now loaded: 0)
System memory in use before: 80.8 MB.
System memory in use after: 80.9 MB.

Unloading 9 unused Assets to reduce memory usage. Loaded Objects now: 1701.
Total: 2.481000 ms (FindLiveObjects: 0.255400 ms CreateObjectMapping: 0.039700 ms MarkObjects: 2.019400 ms  DeleteObjects: 0.165500 ms)

========================================================================
Received Prepare
Registering precompiled user dll's ...
Registered in 0.000836 seconds.
Begin MonoManager ReloadAssembly
Native extension for WindowsStandalone target not found
Refreshing native plugins compatible for Editor in 0.61 ms, found 0 plugins.
Preloading 0 native plugins for Editor in 0.00 ms.
Invoked RoslynAnalysisRunner static constructor.
RoslynAnalysisRunner will not be running.
RoslynAnalysisRunner has terminated.
Mono: successfully reloaded assembly
- Completed reload, in  1.050 seconds
Platform modules already initialized, skipping
Refreshing native plugins compatible for Editor in 0.93 ms, found 0 plugins.
Preloading 0 native plugins for Editor in 0.00 ms.
Unloading 1211 Unused Serialized files (Serialized files now loaded: 0)
System memory in use before: 80.8 MB.
System memory in use after: 80.9 MB.

Unloading 5 unused Assets to reduce memory usage. Loaded Objects now: 1703.
Total: 2.526700 ms (FindLiveObjects: 0.199900 ms CreateObjectMapping: 0.057100 ms MarkObjects: 2.153500 ms  DeleteObjects: 0.114900 ms)

========================================================================
Received Import Request.
  Time since last request: 380.125307 seconds.
  path: Assets/Prefabs/SideKick/SideKick.prefab
  artifactKey: Guid(e8eab9141fc9792498765a05f29abce5) Importer(815301076,1909f56bfc062723c751e8b465ee728b)
Start importing Assets/Prefabs/SideKick/SideKick.prefab using Guid(e8eab9141fc9792498765a05f29abce5) Importer(815301076,1909f56bfc062723c751e8b465ee728b)  -> (artifact id: '7543f44fa5d9333feab0b717aefe79f3') in 0.109587 seconds
  Import took 0.112937 seconds .

========================================================================
Received Prepare
Registering precompiled user dll's ...
Registered in 0.000872 seconds.
Begin MonoManager ReloadAssembly
Native extension for WindowsStandalone target not found
Refreshing native plugins compatible for Editor in 0.42 ms, found 0 plugins.
Preloading 0 native plugins for Editor in 0.00 ms.
Invoked RoslynAnalysisRunner static constructor.
RoslynAnalysisRunner will not be running.
RoslynAnalysisRunner has terminated.
Mono: successfully reloaded assembly
- Completed reload, in  1.075 seconds
Platform modules already initialized, skipping
Refreshing native plugins compatible for Editor in 0.47 ms, found 0 plugins.
Preloading 0 native plugins for Editor in 0.00 ms.
Unloading 1211 Unused Serialized files (Serialized files now loaded: 0)
System memory in use before: 80.9 MB.
System memory in use after: 80.9 MB.

Unloading 5 unused Assets to reduce memory usage. Loaded Objects now: 1706.
Total: 2.568400 ms (FindLiveObjects: 0.195300 ms CreateObjectMapping: 0.039100 ms MarkObjects: 2.188400 ms  DeleteObjects: 0.144800 ms)

========================================================================
Received Prepare
Registering precompiled user dll's ...
Registered in 0.001087 seconds.
Begin MonoManager ReloadAssembly
Native extension for WindowsStandalone target not found
Refreshing native plugins compatible for Editor in 0.33 ms, found 0 plugins.
Preloading 0 native plugins for Editor in 0.00 ms.
Invoked RoslynAnalysisRunner static constructor.
RoslynAnalysisRunner will not be running.
RoslynAnalysisRunner has terminated.
Mono: successfully reloaded assembly
- Completed reload, in  1.020 seconds
Platform modules already initialized, skipping
Refreshing native plugins compatible for Editor in 0.30 ms, found 0 plugins.
Preloading 0 native plugins for Editor in 0.00 ms.
Unloading 1211 Unused Serialized files (Serialized files now loaded: 0)
System memory in use before: 80.9 MB.
System memory in use after: 80.9 MB.

Unloading 5 unused Assets to reduce memory usage. Loaded Objects now: 1708.
Total: 3.248600 ms (FindLiveObjects: 0.314700 ms CreateObjectMapping: 0.106700 ms MarkObjects: 2.679000 ms  DeleteObjects: 0.083800 ms)

========================================================================
Received Prepare
Registering precompiled user dll's ...
Registered in 0.000945 seconds.
Begin MonoManager ReloadAssembly
Native extension for WindowsStandalone target not found
Refreshing native plugins compatible for Editor in 0.29 ms, found 0 plugins.
Preloading 0 native plugins for Editor in 0.00 ms.
Invoked RoslynAnalysisRunner static constructor.
RoslynAnalysisRunner will not be running.
RoslynAnalysisRunner has terminated.
Mono: successfully reloaded assembly
- Completed reload, in  1.019 seconds
Platform modules already initialized, skipping
Refreshing native plugins compatible for Editor in 0.31 ms, found 0 plugins.
Preloading 0 native plugins for Editor in 0.00 ms.
Unloading 1211 Unused Serialized files (Serialized files now loaded: 0)
System memory in use before: 80.9 MB.
System memory in use after: 81.0 MB.

Unloading 5 unused Assets to reduce memory usage. Loaded Objects now: 1710.
Total: 2.241300 ms (FindLiveObjects: 0.193100 ms CreateObjectMapping: 0.045300 ms MarkObjects: 1.880500 ms  DeleteObjects: 0.120300 ms)

========================================================================
Received Prepare
Registering precompiled user dll's ...
Registered in 0.001032 seconds.
Begin MonoManager ReloadAssembly
Native extension for WindowsStandalone target not found
Refreshing native plugins compatible for Editor in 0.41 ms, found 0 plugins.
Preloading 0 native plugins for Editor in 0.00 ms.
Invoked RoslynAnalysisRunner static constructor.
RoslynAnalysisRunner will not be running.
RoslynAnalysisRunner has terminated.
Mono: successfully reloaded assembly
- Completed reload, in  1.017 seconds
Platform modules already initialized, skipping
Refreshing native plugins compatible for Editor in 0.45 ms, found 0 plugins.
Preloading 0 native plugins for Editor in 0.00 ms.
Unloading 1211 Unused Serialized files (Serialized files now loaded: 0)
System memory in use before: 80.9 MB.
System memory in use after: 81.0 MB.

Unloading 5 unused Assets to reduce memory usage. Loaded Objects now: 1712.
Total: 3.033000 ms (FindLiveObjects: 0.212400 ms CreateObjectMapping: 0.089100 ms MarkObjects: 2.562500 ms  DeleteObjects: 0.167300 ms)

========================================================================
Received Import Request.
  Time since last request: 432.584300 seconds.
  path: Assets/Prefabs/SideKick/SideKick.prefab
  artifactKey: Guid(e8eab9141fc9792498765a05f29abce5) Importer(815301076,1909f56bfc062723c751e8b465ee728b)
Start importing Assets/Prefabs/SideKick/SideKick.prefab using Guid(e8eab9141fc9792498765a05f29abce5) Importer(815301076,1909f56bfc062723c751e8b465ee728b)  -> (artifact id: 'd369e09eb172884a1cb7570db0c99f28') in 0.111480 seconds
  Import took 0.117340 seconds .

========================================================================
Received Prepare
Registering precompiled user dll's ...
Registered in 0.000986 seconds.
Begin MonoManager ReloadAssembly
Native extension for WindowsStandalone target not found
Refreshing native plugins compatible for Editor in 0.43 ms, found 0 plugins.
Preloading 0 native plugins for Editor in 0.00 ms.
Invoked RoslynAnalysisRunner static constructor.
RoslynAnalysisRunner will not be running.
RoslynAnalysisRunner has terminated.
Mono: successfully reloaded assembly
- Completed reload, in  1.043 seconds
Platform modules already initialized, skipping
Refreshing native plugins compatible for Editor in 0.32 ms, found 0 plugins.
Preloading 0 native plugins for Editor in 0.00 ms.
Unloading 1211 Unused Serialized files (Serialized files now loaded: 0)
System memory in use before: 80.9 MB.
System memory in use after: 81.0 MB.

Unloading 5 unused Assets to reduce memory usage. Loaded Objects now: 1715.
Total: 2.879900 ms (FindLiveObjects: 0.221600 ms CreateObjectMapping: 0.111400 ms MarkObjects: 2.422600 ms  DeleteObjects: 0.123100 ms)

========================================================================
Received Prepare
Registering precompiled user dll's ...
Registered in 0.001148 seconds.
Begin MonoManager ReloadAssembly
Native extension for WindowsStandalone target not found
Refreshing native plugins compatible for Editor in 0.41 ms, found 0 plugins.
Preloading 0 native plugins for Editor in 0.00 ms.
Invoked RoslynAnalysisRunner static constructor.
RoslynAnalysisRunner will not be running.
RoslynAnalysisRunner has terminated.
Mono: successfully reloaded assembly
- Completed reload, in  1.033 seconds
Platform modules already initialized, skipping
Refreshing native plugins compatible for Editor in 0.32 ms, found 0 plugins.
Preloading 0 native plugins for Editor in 0.00 ms.
Unloading 1211 Unused Serialized files (Serialized files now loaded: 0)
System memory in use before: 80.9 MB.
System memory in use after: 81.0 MB.

Unloading 5 unused Assets to reduce memory usage. Loaded Objects now: 1717.
Total: 2.785000 ms (FindLiveObjects: 0.202900 ms CreateObjectMapping: 0.099900 ms MarkObjects: 2.361400 ms  DeleteObjects: 0.119000 ms)

========================================================================
Received Prepare
Registering precompiled user dll's ...
Registered in 0.000880 seconds.
Begin MonoManager ReloadAssembly
Native extension for WindowsStandalone target not found
Refreshing native plugins compatible for Editor in 0.37 ms, found 0 plugins.
Preloading 0 native plugins for Editor in 0.00 ms.
Invoked RoslynAnalysisRunner static constructor.
RoslynAnalysisRunner will not be running.
RoslynAnalysisRunner has terminated.
Mono: successfully reloaded assembly
- Completed reload, in  1.028 seconds
Platform modules already initialized, skipping
Refreshing native plugins compatible for Editor in 0.36 ms, found 0 plugins.
Preloading 0 native plugins for Editor in 0.00 ms.
Unloading 1211 Unused Serialized files (Serialized files now loaded: 0)
System memory in use before: 80.9 MB.
System memory in use after: 81.0 MB.

Unloading 5 unused Assets to reduce memory usage. Loaded Objects now: 1719.
Total: 2.452400 ms (FindLiveObjects: 0.239000 ms CreateObjectMapping: 0.055700 ms MarkObjects: 2.046500 ms  DeleteObjects: 0.109600 ms)

========================================================================
Received Prepare
Registering precompiled user dll's ...
Registered in 0.000844 seconds.
Begin MonoManager ReloadAssembly
Native extension for WindowsStandalone target not found
Refreshing native plugins compatible for Editor in 0.37 ms, found 0 plugins.
Preloading 0 native plugins for Editor in 0.00 ms.
Invoked RoslynAnalysisRunner static constructor.
RoslynAnalysisRunner will not be running.
RoslynAnalysisRunner has terminated.
Mono: successfully reloaded assembly
- Completed reload, in  1.052 seconds
Platform modules already initialized, skipping
Refreshing native plugins compatible for Editor in 0.31 ms, found 0 plugins.
Preloading 0 native plugins for Editor in 0.00 ms.
Unloading 1211 Unused Serialized files (Serialized files now loaded: 0)
System memory in use before: 80.9 MB.
System memory in use after: 81.0 MB.

Unloading 5 unused Assets to reduce memory usage. Loaded Objects now: 1721.
Total: 4.279700 ms (FindLiveObjects: 0.382700 ms CreateObjectMapping: 0.147600 ms MarkObjects: 3.650100 ms  DeleteObjects: 0.097200 ms)

========================================================================
Received Prepare
Registering precompiled user dll's ...
Registered in 0.001339 seconds.
Begin MonoManager ReloadAssembly
Native extension for WindowsStandalone target not found
Refreshing native plugins compatible for Editor in 0.66 ms, found 0 plugins.
Preloading 0 native plugins for Editor in 0.00 ms.
Invoked RoslynAnalysisRunner static constructor.
RoslynAnalysisRunner will not be running.
RoslynAnalysisRunner has terminated.
Mono: successfully reloaded assembly
- Completed reload, in  1.218 seconds
Platform modules already initialized, skipping
Refreshing native plugins compatible for Editor in 0.39 ms, found 0 plugins.
Preloading 0 native plugins for Editor in 0.00 ms.
Unloading 1211 Unused Serialized files (Serialized files now loaded: 0)
System memory in use before: 80.9 MB.
System memory in use after: 81.0 MB.

Unloading 5 unused Assets to reduce memory usage. Loaded Objects now: 1723.
Total: 5.128200 ms (FindLiveObjects: 0.333500 ms CreateObjectMapping: 0.115800 ms MarkObjects: 4.557500 ms  DeleteObjects: 0.118700 ms)

========================================================================
Received Prepare
Registering precompiled user dll's ...
Registered in 0.000849 seconds.
Begin MonoManager ReloadAssembly
Native extension for WindowsStandalone target not found
Refreshing native plugins compatible for Editor in 0.30 ms, found 0 plugins.
Preloading 0 native plugins for Editor in 0.00 ms.
Invoked RoslynAnalysisRunner static constructor.
RoslynAnalysisRunner will not be running.
RoslynAnalysisRunner has terminated.
Mono: successfully reloaded assembly
- Completed reload, in  1.027 seconds
Platform modules already initialized, skipping
Refreshing native plugins compatible for Editor in 0.30 ms, found 0 plugins.
Preloading 0 native plugins for Editor in 0.00 ms.
Unloading 1211 Unused Serialized files (Serialized files now loaded: 0)
System memory in use before: 80.9 MB.
System memory in use after: 81.0 MB.

Unloading 5 unused Assets to reduce memory usage. Loaded Objects now: 1725.
Total: 2.421500 ms (FindLiveObjects: 0.219700 ms CreateObjectMapping: 0.054400 ms MarkObjects: 2.031800 ms  DeleteObjects: 0.114400 ms)

========================================================================
Received Prepare
Registering precompiled user dll's ...
Registered in 0.001542 seconds.
Begin MonoManager ReloadAssembly
Native extension for WindowsStandalone target not found
Refreshing native plugins compatible for Editor in 0.28 ms, found 0 plugins.
Preloading 0 native plugins for Editor in 0.00 ms.
Invoked RoslynAnalysisRunner static constructor.
RoslynAnalysisRunner will not be running.
RoslynAnalysisRunner has terminated.
Mono: successfully reloaded assembly
- Completed reload, in  1.013 seconds
Platform modules already initialized, skipping
Refreshing native plugins compatible for Editor in 0.30 ms, found 0 plugins.
Preloading 0 native plugins for Editor in 0.00 ms.
Unloading 1211 Unused Serialized files (Serialized files now loaded: 0)
System memory in use before: 80.9 MB.
System memory in use after: 81.0 MB.

Unloading 5 unused Assets to reduce memory usage. Loaded Objects now: 1727.
Total: 2.729700 ms (FindLiveObjects: 0.354600 ms CreateObjectMapping: 0.112100 ms MarkObjects: 2.159600 ms  DeleteObjects: 0.101600 ms)

========================================================================
Received Import Request.
  Time since last request: 686.951016 seconds.
  path: Assets/Scenes/MainMenu.unity
  artifactKey: Guid(cbf7e26126f7e9645ac56fc6d61901b1) Importer(815301076,1909f56bfc062723c751e8b465ee728b)
Start importing Assets/Scenes/MainMenu.unity using Guid(cbf7e26126f7e9645ac56fc6d61901b1) Importer(815301076,1909f56bfc062723c751e8b465ee728b)  -> (artifact id: '79e1431a436240ea98ff8371b6b35d13') in 0.016162 seconds
  Import took 0.019236 seconds .

========================================================================
Received Prepare
Registering precompiled user dll's ...
Registered in 0.000857 seconds.
Begin MonoManager ReloadAssembly
Native extension for WindowsStandalone target not found
Refreshing native plugins compatible for Editor in 0.56 ms, found 0 plugins.
Preloading 0 native plugins for Editor in 0.00 ms.
Invoked RoslynAnalysisRunner static constructor.
RoslynAnalysisRunner will not be running.
RoslynAnalysisRunner has terminated.
Mono: successfully reloaded assembly
- Completed reload, in  1.048 seconds
Platform modules already initialized, skipping
Refreshing native plugins compatible for Editor in 0.30 ms, found 0 plugins.
Preloading 0 native plugins for Editor in 0.00 ms.
Unloading 1211 Unused Serialized files (Serialized files now loaded: 0)
System memory in use before: 80.9 MB.
System memory in use after: 81.0 MB.

Unloading 5 unused Assets to reduce memory usage. Loaded Objects now: 1729.
Total: 2.406800 ms (FindLiveObjects: 0.336300 ms CreateObjectMapping: 0.064300 ms MarkObjects: 1.879900 ms  DeleteObjects: 0.124800 ms)

========================================================================
Received Import Request.
  Time since last request: 104.036076 seconds.
  path: Assets/Scenes/Level.unity
  artifactKey: Guid(2bbdc8773f58cd34781593713f044b05) Importer(815301076,1909f56bfc062723c751e8b465ee728b)
Start importing Assets/Scenes/Level.unity using Guid(2bbdc8773f58cd34781593713f044b05) Importer(815301076,1909f56bfc062723c751e8b465ee728b)  -> (artifact id: '3b0105916f08e3068f207a13771e1b7e') in 0.018678 seconds
  Import took 0.021790 seconds .

========================================================================
Received Import Request.
  Time since last request: 0.057979 seconds.
  path: Assets/Scenes/Level.unity
  artifactKey: Guid(2bbdc8773f58cd34781593713f044b05) Importer(815301076,1909f56bfc062723c751e8b465ee728b)
Start importing Assets/Scenes/Level.unity using Guid(2bbdc8773f58cd34781593713f044b05) Importer(815301076,1909f56bfc062723c751e8b465ee728b)  -> (artifact id: '3b0105916f08e3068f207a13771e1b7e') in 0.003702 seconds
  Import took 0.006859 seconds .

========================================================================
Received Prepare
Registering precompiled user dll's ...
Registered in 0.001111 seconds.
Begin MonoManager ReloadAssembly
Native extension for WindowsStandalone target not found
Refreshing native plugins compatible for Editor in 0.28 ms, found 0 plugins.
Preloading 0 native plugins for Editor in 0.00 ms.
Invoked RoslynAnalysisRunner static constructor.
RoslynAnalysisRunner will not be running.
RoslynAnalysisRunner has terminated.
Mono: successfully reloaded assembly
- Completed reload, in  0.999 seconds
Platform modules already initialized, skipping
Refreshing native plugins compatible for Editor in 0.31 ms, found 0 plugins.
Preloading 0 native plugins for Editor in 0.00 ms.
Unloading 1211 Unused Serialized files (Serialized files now loaded: 0)
System memory in use before: 80.9 MB.
System memory in use after: 81.0 MB.

Unloading 5 unused Assets to reduce memory usage. Loaded Objects now: 1731.
Total: 2.414600 ms (FindLiveObjects: 0.204200 ms CreateObjectMapping: 0.052100 ms MarkObjects: 2.034400 ms  DeleteObjects: 0.122200 ms)

========================================================================
Received Prepare
Registering precompiled user dll's ...
Registered in 0.001098 seconds.
Begin MonoManager ReloadAssembly
Native extension for WindowsStandalone target not found
Refreshing native plugins compatible for Editor in 0.47 ms, found 0 plugins.
Preloading 0 native plugins for Editor in 0.00 ms.
Invoked RoslynAnalysisRunner static constructor.
RoslynAnalysisRunner will not be running.
RoslynAnalysisRunner has terminated.
Mono: successfully reloaded assembly
- Completed reload, in  1.268 seconds
Platform modules already initialized, skipping
Refreshing native plugins compatible for Editor in 0.33 ms, found 0 plugins.
Preloading 0 native plugins for Editor in 0.00 ms.
Unloading 1211 Unused Serialized files (Serialized files now loaded: 0)
System memory in use before: 80.9 MB.
System memory in use after: 81.0 MB.

Unloading 5 unused Assets to reduce memory usage. Loaded Objects now: 1733.
Total: 3.720800 ms (FindLiveObjects: 0.573500 ms CreateObjectMapping: 0.232200 ms MarkObjects: 2.777800 ms  DeleteObjects: 0.134700 ms)

========================================================================
Received Import Request.
  Time since last request: 350.558180 seconds.
  path: Assets/Scenes/MainMenu.unity
  artifactKey: Guid(cbf7e26126f7e9645ac56fc6d61901b1) Importer(815301076,1909f56bfc062723c751e8b465ee728b)
Start importing Assets/Scenes/MainMenu.unity using Guid(cbf7e26126f7e9645ac56fc6d61901b1) Importer(815301076,1909f56bfc062723c751e8b465ee728b)  -> (artifact id: '5794ff934084eae3b05a58a1f51ebddd') in 0.024354 seconds
  Import took 0.030185 seconds .

========================================================================
Received Prepare
Registering precompiled user dll's ...
Registered in 0.000924 seconds.
Begin MonoManager ReloadAssembly
Native extension for WindowsStandalone target not found
Refreshing native plugins compatible for Editor in 0.31 ms, found 0 plugins.
Preloading 0 native plugins for Editor in 0.00 ms.
Invoked RoslynAnalysisRunner static constructor.
RoslynAnalysisRunner will not be running.
RoslynAnalysisRunner has terminated.
Mono: successfully reloaded assembly
- Completed reload, in  1.031 seconds
Platform modules already initialized, skipping
Refreshing native plugins compatible for Editor in 0.33 ms, found 0 plugins.
Preloading 0 native plugins for Editor in 0.00 ms.
Unloading 1211 Unused Serialized files (Serialized files now loaded: 0)
System memory in use before: 81.0 MB.
System memory in use after: 81.0 MB.

Unloading 5 unused Assets to reduce memory usage. Loaded Objects now: 1735.
Total: 2.699500 ms (FindLiveObjects: 0.234100 ms CreateObjectMapping: 0.042800 ms MarkObjects: 2.296100 ms  DeleteObjects: 0.120500 ms)

========================================================================
Received Prepare
Registering precompiled user dll's ...
Registered in 0.001513 seconds.
Begin MonoManager ReloadAssembly
Native extension for WindowsStandalone target not found
Refreshing native plugins compatible for Editor in 0.30 ms, found 0 plugins.
Preloading 0 native plugins for Editor in 0.00 ms.
Invoked RoslynAnalysisRunner static constructor.
RoslynAnalysisRunner will not be running.
RoslynAnalysisRunner has terminated.
Mono: successfully reloaded assembly
- Completed reload, in  1.049 seconds
Platform modules already initialized, skipping
Refreshing native plugins compatible for Editor in 0.34 ms, found 0 plugins.
Preloading 0 native plugins for Editor in 0.00 ms.
Unloading 1211 Unused Serialized files (Serialized files now loaded: 0)
System memory in use before: 81.0 MB.
System memory in use after: 81.0 MB.

Unloading 5 unused Assets to reduce memory usage. Loaded Objects now: 1737.
Total: 2.746300 ms (FindLiveObjects: 0.273400 ms CreateObjectMapping: 0.101900 ms MarkObjects: 2.270300 ms  DeleteObjects: 0.098900 ms)

========================================================================
Received Import Request.
  Time since last request: 654.549096 seconds.
  path: Assets/Scenes/Level.unity
  artifactKey: Guid(2bbdc8773f58cd34781593713f044b05) Importer(815301076,1909f56bfc062723c751e8b465ee728b)
Start importing Assets/Scenes/Level.unity using Guid(2bbdc8773f58cd34781593713f044b05) Importer(815301076,1909f56bfc062723c751e8b465ee728b)  -> (artifact id: 'c89d8dc8cc3f7ceaf812fedecdaebdad') in 0.021169 seconds
  Import took 0.025409 seconds .

========================================================================
Received Import Request.
  Time since last request: 0.000775 seconds.
  path: Assets/Scenes/Level.unity
  artifactKey: Guid(2bbdc8773f58cd34781593713f044b05) Importer(815301076,1909f56bfc062723c751e8b465ee728b)
Start importing Assets/Scenes/Level.unity using Guid(2bbdc8773f58cd34781593713f044b05) Importer(815301076,1909f56bfc062723c751e8b465ee728b)  -> (artifact id: 'c89d8dc8cc3f7ceaf812fedecdaebdad') in 0.005153 seconds
  Import took 0.008419 seconds .

========================================================================
Received Prepare
Registering precompiled user dll's ...
Registered in 0.001446 seconds.
Begin MonoManager ReloadAssembly
Native extension for WindowsStandalone target not found
Refreshing native plugins compatible for Editor in 0.28 ms, found 0 plugins.
Preloading 0 native plugins for Editor in 0.00 ms.
Invoked RoslynAnalysisRunner static constructor.
RoslynAnalysisRunner will not be running.
RoslynAnalysisRunner has terminated.
Mono: successfully reloaded assembly
- Completed reload, in  1.225 seconds
Platform modules already initialized, skipping
Refreshing native plugins compatible for Editor in 0.31 ms, found 0 plugins.
Preloading 0 native plugins for Editor in 0.00 ms.
Unloading 1211 Unused Serialized files (Serialized files now loaded: 0)
System memory in use before: 81.0 MB.
System memory in use after: 81.1 MB.

Unloading 5 unused Assets to reduce memory usage. Loaded Objects now: 1739.
Total: 2.623400 ms (FindLiveObjects: 0.252700 ms CreateObjectMapping: 0.046200 ms MarkObjects: 2.208900 ms  DeleteObjects: 0.113500 ms)

========================================================================
Received Import Request.
  Time since last request: 51.984831 seconds.
  path: Assets/Scenes/Level.unity
  artifactKey: Guid(2bbdc8773f58cd34781593713f044b05) Importer(815301076,1909f56bfc062723c751e8b465ee728b)
Start importing Assets/Scenes/Level.unity using Guid(2bbdc8773f58cd34781593713f044b05) Importer(815301076,1909f56bfc062723c751e8b465ee728b)  -> (artifact id: 'dce8adea7bbd2644fd1d30bbfea9b8c7') in 0.018305 seconds
  Import took 0.021139 seconds .

========================================================================
Received Prepare
Registering precompiled user dll's ...
Registered in 0.000848 seconds.
Begin MonoManager ReloadAssembly
Native extension for WindowsStandalone target not found
Refreshing native plugins compatible for Editor in 0.29 ms, found 0 plugins.
Preloading 0 native plugins for Editor in 0.00 ms.
Invoked RoslynAnalysisRunner static constructor.
RoslynAnalysisRunner will not be running.
RoslynAnalysisRunner has terminated.
Mono: successfully reloaded assembly
- Completed reload, in  1.027 seconds
Platform modules already initialized, skipping
Refreshing native plugins compatible for Editor in 0.37 ms, found 0 plugins.
Preloading 0 native plugins for Editor in 0.00 ms.
Unloading 1211 Unused Serialized files (Serialized files now loaded: 0)
System memory in use before: 81.0 MB.
System memory in use after: 81.1 MB.

Unloading 5 unused Assets to reduce memory usage. Loaded Objects now: 1741.
Total: 3.075800 ms (FindLiveObjects: 0.358300 ms CreateObjectMapping: 0.099800 ms MarkObjects: 2.496000 ms  DeleteObjects: 0.120300 ms)

========================================================================
Received Prepare
Registering precompiled user dll's ...
Registered in 0.000842 seconds.
Begin MonoManager ReloadAssembly
Native extension for WindowsStandalone target not found
Refreshing native plugins compatible for Editor in 0.45 ms, found 0 plugins.
Preloading 0 native plugins for Editor in 0.00 ms.
Invoked RoslynAnalysisRunner static constructor.
RoslynAnalysisRunner will not be running.
RoslynAnalysisRunner has terminated.
Mono: successfully reloaded assembly
- Completed reload, in  1.012 seconds
Platform modules already initialized, skipping
Refreshing native plugins compatible for Editor in 0.32 ms, found 0 plugins.
Preloading 0 native plugins for Editor in 0.00 ms.
Unloading 1211 Unused Serialized files (Serialized files now loaded: 0)
System memory in use before: 81.0 MB.
System memory in use after: 81.1 MB.

Unloading 5 unused Assets to reduce memory usage. Loaded Objects now: 1743.
Total: 2.760900 ms (FindLiveObjects: 0.325300 ms CreateObjectMapping: 0.085700 ms MarkObjects: 2.244600 ms  DeleteObjects: 0.103600 ms)

========================================================================
Received Import Request.
  Time since last request: 90.310154 seconds.
  path: Assets/Scenes/Level.unity
  artifactKey: Guid(2bbdc8773f58cd34781593713f044b05) Importer(815301076,1909f56bfc062723c751e8b465ee728b)
Start importing Assets/Scenes/Level.unity using Guid(2bbdc8773f58cd34781593713f044b05) Importer(815301076,1909f56bfc062723c751e8b465ee728b)  -> (artifact id: '1af268f225e3b3bda24b4b572543acd7') in 0.017589 seconds
  Import took 0.020581 seconds .

========================================================================
Received Prepare
Registering precompiled user dll's ...
Registered in 0.001446 seconds.
Begin MonoManager ReloadAssembly
Native extension for WindowsStandalone target not found
Refreshing native plugins compatible for Editor in 0.45 ms, found 0 plugins.
Preloading 0 native plugins for Editor in 0.00 ms.
Invoked RoslynAnalysisRunner static constructor.
RoslynAnalysisRunner will not be running.
RoslynAnalysisRunner has terminated.
Mono: successfully reloaded assembly
- Completed reload, in  1.265 seconds
Platform modules already initialized, skipping
Refreshing native plugins compatible for Editor in 0.38 ms, found 0 plugins.
Preloading 0 native plugins for Editor in 0.00 ms.
Unloading 1211 Unused Serialized files (Serialized files now loaded: 0)
System memory in use before: 81.0 MB.
System memory in use after: 81.1 MB.

Unloading 5 unused Assets to reduce memory usage. Loaded Objects now: 1745.
Total: 4.307300 ms (FindLiveObjects: 0.400200 ms CreateObjectMapping: 0.166100 ms MarkObjects: 3.633500 ms  DeleteObjects: 0.105900 ms)

========================================================================
Received Import Request.
  Time since last request: 112.839049 seconds.
  path: Assets/Scenes/MainMenu.unity
  artifactKey: Guid(cbf7e26126f7e9645ac56fc6d61901b1) Importer(815301076,1909f56bfc062723c751e8b465ee728b)
Start importing Assets/Scenes/MainMenu.unity using Guid(cbf7e26126f7e9645ac56fc6d61901b1) Importer(815301076,1909f56bfc062723c751e8b465ee728b)  -> (artifact id: '42d9f8c7c3b065d9e33e84a9d1231016') in 0.020485 seconds
  Import took 0.024125 seconds .

========================================================================
Received Prepare
Registering precompiled user dll's ...
Registered in 0.001463 seconds.
Begin MonoManager ReloadAssembly
Native extension for WindowsStandalone target not found
Refreshing native plugins compatible for Editor in 0.52 ms, found 0 plugins.
Preloading 0 native plugins for Editor in 0.00 ms.
Invoked RoslynAnalysisRunner static constructor.
RoslynAnalysisRunner will not be running.
RoslynAnalysisRunner has terminated.
Mono: successfully reloaded assembly
- Completed reload, in  0.987 seconds
Platform modules already initialized, skipping
Refreshing native plugins compatible for Editor in 0.29 ms, found 0 plugins.
Preloading 0 native plugins for Editor in 0.00 ms.
Unloading 1211 Unused Serialized files (Serialized files now loaded: 0)
System memory in use before: 81.0 MB.
System memory in use after: 81.1 MB.

Unloading 5 unused Assets to reduce memory usage. Loaded Objects now: 1747.
Total: 2.245300 ms (FindLiveObjects: 0.179900 ms CreateObjectMapping: 0.041600 ms MarkObjects: 1.925300 ms  DeleteObjects: 0.097500 ms)

========================================================================
Received Import Request.
  Time since last request: 86.559532 seconds.
  path: Assets/Scenes/Level
  artifactKey: Guid(4d1fb4b48ca82984f9b48aa276ab08f9) Importer(815301076,1909f56bfc062723c751e8b465ee728b)
Start importing Assets/Scenes/Level using Guid(4d1fb4b48ca82984f9b48aa276ab08f9) Importer(815301076,1909f56bfc062723c751e8b465ee728b)  -> (artifact id: 'dd1637b461664c3ab9dea7493a4c2baa') in 0.013837 seconds
  Import took 0.017056 seconds .

========================================================================
Received Import Request.
  Time since last request: 0.088615 seconds.
  path: Assets/Scenes/Level/NavMesh.asset
  artifactKey: Guid(27e08f660358a134793398ef5b60d5cf) Importer(815301076,1909f56bfc062723c751e8b465ee728b)
Start importing Assets/Scenes/Level/NavMesh.asset using Guid(27e08f660358a134793398ef5b60d5cf) Importer(815301076,1909f56bfc062723c751e8b465ee728b)  -> (artifact id: 'ccdbf8317595eb83f2e2614ac755aae4') in 0.027527 seconds
  Import took 0.030378 seconds .

========================================================================
Received Prepare
Registering precompiled user dll's ...
Registered in 0.000932 seconds.
Begin MonoManager ReloadAssembly
Native extension for WindowsStandalone target not found
Refreshing native plugins compatible for Editor in 0.58 ms, found 0 plugins.
Preloading 0 native plugins for Editor in 0.00 ms.
Invoked RoslynAnalysisRunner static constructor.
RoslynAnalysisRunner will not be running.
RoslynAnalysisRunner has terminated.
Mono: successfully reloaded assembly
- Completed reload, in  0.986 seconds
Platform modules already initialized, skipping
Refreshing native plugins compatible for Editor in 0.38 ms, found 0 plugins.
Preloading 0 native plugins for Editor in 0.00 ms.
Unloading 1211 Unused Serialized files (Serialized files now loaded: 0)
System memory in use before: 81.0 MB.
System memory in use after: 81.1 MB.

Unloading 5 unused Assets to reduce memory usage. Loaded Objects now: 1749.
Total: 2.836800 ms (FindLiveObjects: 0.305200 ms CreateObjectMapping: 0.046900 ms MarkObjects: 2.414600 ms  DeleteObjects: 0.068500 ms)

========================================================================
Received Prepare
Registering precompiled user dll's ...
Registered in 0.000889 seconds.
Begin MonoManager ReloadAssembly
Native extension for WindowsStandalone target not found
Refreshing native plugins compatible for Editor in 0.29 ms, found 0 plugins.
Preloading 0 native plugins for Editor in 0.00 ms.
Invoked RoslynAnalysisRunner static constructor.
RoslynAnalysisRunner will not be running.
RoslynAnalysisRunner has terminated.
Mono: successfully reloaded assembly
- Completed reload, in  1.022 seconds
Platform modules already initialized, skipping
Refreshing native plugins compatible for Editor in 0.30 ms, found 0 plugins.
Preloading 0 native plugins for Editor in 0.00 ms.
Unloading 1211 Unused Serialized files (Serialized files now loaded: 0)
System memory in use before: 81.0 MB.
System memory in use after: 81.1 MB.

Unloading 5 unused Assets to reduce memory usage. Loaded Objects now: 1751.
Total: 3.847900 ms (FindLiveObjects: 0.342400 ms CreateObjectMapping: 0.082000 ms MarkObjects: 3.277700 ms  DeleteObjects: 0.144600 ms)

========================================================================
Received Prepare
Registering precompiled user dll's ...
Registered in 0.001184 seconds.
Begin MonoManager ReloadAssembly
Native extension for WindowsStandalone target not found
Refreshing native plugins compatible for Editor in 0.43 ms, found 0 plugins.
Preloading 0 native plugins for Editor in 0.00 ms.
Invoked RoslynAnalysisRunner static constructor.
RoslynAnalysisRunner will not be running.
RoslynAnalysisRunner has terminated.
Mono: successfully reloaded assembly
- Completed reload, in  1.034 seconds
Platform modules already initialized, skipping
Refreshing native plugins compatible for Editor in 0.30 ms, found 0 plugins.
Preloading 0 native plugins for Editor in 0.00 ms.
Unloading 1211 Unused Serialized files (Serialized files now loaded: 0)
System memory in use before: 81.0 MB.
System memory in use after: 81.1 MB.

Unloading 5 unused Assets to reduce memory usage. Loaded Objects now: 1753.
Total: 2.217800 ms (FindLiveObjects: 0.239200 ms CreateObjectMapping: 0.052200 ms MarkObjects: 1.802200 ms  DeleteObjects: 0.122900 ms)

========================================================================
Received Import Request.
  Time since last request: 313.852846 seconds.
  path: Assets/Scenes/Level.unity
  artifactKey: Guid(2bbdc8773f58cd34781593713f044b05) Importer(815301076,1909f56bfc062723c751e8b465ee728b)
Start importing Assets/Scenes/Level.unity using Guid(2bbdc8773f58cd34781593713f044b05) Importer(815301076,1909f56bfc062723c751e8b465ee728b)  -> (artifact id: '625fc3c6acf039dbfbff5790426d8df4') in 0.021611 seconds
  Import took 0.024816 seconds .

========================================================================
Received Import Request.
  Time since last request: 0.001032 seconds.
  path: Assets/Scenes/Level.unity
  artifactKey: Guid(2bbdc8773f58cd34781593713f044b05) Importer(815301076,1909f56bfc062723c751e8b465ee728b)
Start importing Assets/Scenes/Level.unity using Guid(2bbdc8773f58cd34781593713f044b05) Importer(815301076,1909f56bfc062723c751e8b465ee728b)  -> (artifact id: '625fc3c6acf039dbfbff5790426d8df4') in 0.003836 seconds
  Import took 0.007320 seconds .

========================================================================
Received Prepare
Registering precompiled user dll's ...
Registered in 0.000928 seconds.
Begin MonoManager ReloadAssembly
Native extension for WindowsStandalone target not found
Refreshing native plugins compatible for Editor in 0.35 ms, found 0 plugins.
Preloading 0 native plugins for Editor in 0.00 ms.
Invoked RoslynAnalysisRunner static constructor.
RoslynAnalysisRunner will not be running.
RoslynAnalysisRunner has terminated.
Mono: successfully reloaded assembly
- Completed reload, in  0.987 seconds
Platform modules already initialized, skipping
Refreshing native plugins compatible for Editor in 0.39 ms, found 0 plugins.
Preloading 0 native plugins for Editor in 0.00 ms.
Unloading 1211 Unused Serialized files (Serialized files now loaded: 0)
System memory in use before: 81.0 MB.
System memory in use after: 81.1 MB.

Unloading 5 unused Assets to reduce memory usage. Loaded Objects now: 1755.
Total: 2.801700 ms (FindLiveObjects: 0.178300 ms CreateObjectMapping: 0.042200 ms MarkObjects: 2.426400 ms  DeleteObjects: 0.131800 ms)

========================================================================
Received Prepare
Registering precompiled user dll's ...
Registered in 0.001732 seconds.
Begin MonoManager ReloadAssembly
Native extension for WindowsStandalone target not found
Refreshing native plugins compatible for Editor in 0.43 ms, found 0 plugins.
Preloading 0 native plugins for Editor in 0.00 ms.
Invoked RoslynAnalysisRunner static constructor.
RoslynAnalysisRunner will not be running.
RoslynAnalysisRunner has terminated.
Mono: successfully reloaded assembly
- Completed reload, in  1.157 seconds
Platform modules already initialized, skipping
Refreshing native plugins compatible for Editor in 0.31 ms, found 0 plugins.
Preloading 0 native plugins for Editor in 0.00 ms.
Unloading 1211 Unused Serialized files (Serialized files now loaded: 0)
System memory in use before: 81.1 MB.
System memory in use after: 81.1 MB.

Unloading 5 unused Assets to reduce memory usage. Loaded Objects now: 1757.
Total: 4.166400 ms (FindLiveObjects: 0.319800 ms CreateObjectMapping: 0.086500 ms MarkObjects: 3.683100 ms  DeleteObjects: 0.074900 ms)

========================================================================
Received Prepare
Registering precompiled user dll's ...
Registered in 0.000839 seconds.
Begin MonoManager ReloadAssembly
Native extension for WindowsStandalone target not found
Refreshing native plugins compatible for Editor in 0.61 ms, found 0 plugins.
Preloading 0 native plugins for Editor in 0.00 ms.
Invoked RoslynAnalysisRunner static constructor.
RoslynAnalysisRunner will not be running.
RoslynAnalysisRunner has terminated.
Mono: successfully reloaded assembly
- Completed reload, in  1.030 seconds
Platform modules already initialized, skipping
Refreshing native plugins compatible for Editor in 0.30 ms, found 0 plugins.
Preloading 0 native plugins for Editor in 0.00 ms.
Unloading 1211 Unused Serialized files (Serialized files now loaded: 0)
System memory in use before: 81.1 MB.
System memory in use after: 81.1 MB.

Unloading 5 unused Assets to reduce memory usage. Loaded Objects now: 1759.
Total: 2.468000 ms (FindLiveObjects: 0.207900 ms CreateObjectMapping: 0.042600 ms MarkObjects: 2.060100 ms  DeleteObjects: 0.156600 ms)

========================================================================
Received Prepare
Registering precompiled user dll's ...
Registered in 0.000814 seconds.
Begin MonoManager ReloadAssembly
Native extension for WindowsStandalone target not found
Refreshing native plugins compatible for Editor in 0.53 ms, found 0 plugins.
Preloading 0 native plugins for Editor in 0.00 ms.
Invoked RoslynAnalysisRunner static constructor.
RoslynAnalysisRunner will not be running.
RoslynAnalysisRunner has terminated.
Mono: successfully reloaded assembly
- Completed reload, in  1.072 seconds
Platform modules already initialized, skipping
Refreshing native plugins compatible for Editor in 0.31 ms, found 0 plugins.
Preloading 0 native plugins for Editor in 0.00 ms.
Unloading 1211 Unused Serialized files (Serialized files now loaded: 0)
System memory in use before: 81.1 MB.
System memory in use after: 81.1 MB.

Unloading 5 unused Assets to reduce memory usage. Loaded Objects now: 1761.
Total: 2.208200 ms (FindLiveObjects: 0.195400 ms CreateObjectMapping: 0.043500 ms MarkObjects: 1.802200 ms  DeleteObjects: 0.166100 ms)

========================================================================
Received Prepare
Registering precompiled user dll's ...
Registered in 0.000978 seconds.
Begin MonoManager ReloadAssembly
Native extension for WindowsStandalone target not found
Refreshing native plugins compatible for Editor in 0.28 ms, found 0 plugins.
Preloading 0 native plugins for Editor in 0.00 ms.
Invoked RoslynAnalysisRunner static constructor.
RoslynAnalysisRunner will not be running.
RoslynAnalysisRunner has terminated.
Mono: successfully reloaded assembly
- Completed reload, in  1.043 seconds
Platform modules already initialized, skipping
Refreshing native plugins compatible for Editor in 0.32 ms, found 0 plugins.
Preloading 0 native plugins for Editor in 0.00 ms.
Unloading 1211 Unused Serialized files (Serialized files now loaded: 0)
System memory in use before: 81.1 MB.
System memory in use after: 81.1 MB.

Unloading 5 unused Assets to reduce memory usage. Loaded Objects now: 1763.
Total: 2.384800 ms (FindLiveObjects: 0.253900 ms CreateObjectMapping: 0.040800 ms MarkObjects: 1.973800 ms  DeleteObjects: 0.114900 ms)

========================================================================
Received Prepare
Registering precompiled user dll's ...
Registered in 0.000866 seconds.
Begin MonoManager ReloadAssembly
Native extension for WindowsStandalone target not found
Refreshing native plugins compatible for Editor in 0.35 ms, found 0 plugins.
Preloading 0 native plugins for Editor in 0.00 ms.
Invoked RoslynAnalysisRunner static constructor.
RoslynAnalysisRunner will not be running.
RoslynAnalysisRunner has terminated.
Mono: successfully reloaded assembly
- Completed reload, in  1.065 seconds
Platform modules already initialized, skipping
Refreshing native plugins compatible for Editor in 0.34 ms, found 0 plugins.
Preloading 0 native plugins for Editor in 0.00 ms.
Unloading 1211 Unused Serialized files (Serialized files now loaded: 0)
System memory in use before: 81.1 MB.
System memory in use after: 81.1 MB.

Unloading 5 unused Assets to reduce memory usage. Loaded Objects now: 1765.
Total: 2.756400 ms (FindLiveObjects: 0.300400 ms CreateObjectMapping: 0.098700 ms MarkObjects: 2.226600 ms  DeleteObjects: 0.111100 ms)

========================================================================
Received Prepare
Registering precompiled user dll's ...
Registered in 0.001017 seconds.
Begin MonoManager ReloadAssembly
Native extension for WindowsStandalone target not found
Refreshing native plugins compatible for Editor in 0.47 ms, found 0 plugins.
Preloading 0 native plugins for Editor in 0.00 ms.
Invoked RoslynAnalysisRunner static constructor.
RoslynAnalysisRunner will not be running.
RoslynAnalysisRunner has terminated.
Mono: successfully reloaded assembly
- Completed reload, in  1.009 seconds
Platform modules already initialized, skipping
Refreshing native plugins compatible for Editor in 0.49 ms, found 0 plugins.
Preloading 0 native plugins for Editor in 0.00 ms.
Unloading 1211 Unused Serialized files (Serialized files now loaded: 0)
System memory in use before: 81.1 MB.
System memory in use after: 81.2 MB.

Unloading 5 unused Assets to reduce memory usage. Loaded Objects now: 1767.
Total: 2.508300 ms (FindLiveObjects: 0.176600 ms CreateObjectMapping: 0.048300 ms MarkObjects: 2.131100 ms  DeleteObjects: 0.149100 ms)

========================================================================
Received Prepare
Registering precompiled user dll's ...
Registered in 0.001232 seconds.
Begin MonoManager ReloadAssembly
Native extension for WindowsStandalone target not found
Refreshing native plugins compatible for Editor in 0.75 ms, found 0 plugins.
Preloading 0 native plugins for Editor in 0.00 ms.
Invoked RoslynAnalysisRunner static constructor.
RoslynAnalysisRunner will not be running.
RoslynAnalysisRunner has terminated.
Mono: successfully reloaded assembly
- Completed reload, in  1.039 seconds
Platform modules already initialized, skipping
Refreshing native plugins compatible for Editor in 0.34 ms, found 0 plugins.
Preloading 0 native plugins for Editor in 0.00 ms.
Unloading 1211 Unused Serialized files (Serialized files now loaded: 0)
System memory in use before: 81.1 MB.
System memory in use after: 81.2 MB.

Unloading 5 unused Assets to reduce memory usage. Loaded Objects now: 1769.
Total: 2.502700 ms (FindLiveObjects: 0.277500 ms CreateObjectMapping: 0.041500 ms MarkObjects: 2.087700 ms  DeleteObjects: 0.094800 ms)

========================================================================
Received Prepare
Registering precompiled user dll's ...
Registered in 0.000939 seconds.
Begin MonoManager ReloadAssembly
Native extension for WindowsStandalone target not found
Refreshing native plugins compatible for Editor in 0.47 ms, found 0 plugins.
Preloading 0 native plugins for Editor in 0.00 ms.
Invoked RoslynAnalysisRunner static constructor.
RoslynAnalysisRunner will not be running.
RoslynAnalysisRunner has terminated.
Mono: successfully reloaded assembly
- Completed reload, in  1.128 seconds
Platform modules already initialized, skipping
Refreshing native plugins compatible for Editor in 0.60 ms, found 0 plugins.
Preloading 0 native plugins for Editor in 0.00 ms.
Unloading 1211 Unused Serialized files (Serialized files now loaded: 0)
System memory in use before: 81.1 MB.
System memory in use after: 81.2 MB.

Unloading 5 unused Assets to reduce memory usage. Loaded Objects now: 1771.
Total: 3.486200 ms (FindLiveObjects: 0.310900 ms CreateObjectMapping: 0.074600 ms MarkObjects: 2.896900 ms  DeleteObjects: 0.200100 ms)

========================================================================
Received Import Request.
  Time since last request: 1688.765361 seconds.
  path: Assets/Materials/White.mat
  artifactKey: Guid(600d6e3e5e5993047acb5a8123d4757f) Importer(815301076,1909f56bfc062723c751e8b465ee728b)
Start importing Assets/Materials/White.mat using Guid(600d6e3e5e5993047acb5a8123d4757f) Importer(815301076,1909f56bfc062723c751e8b465ee728b)  -> (artifact id: '956ffb466e60d8ebcef3856ba9de03ce') in 0.105021 seconds
  Import took 0.109275 seconds .

========================================================================
Received Import Request.
  Time since last request: 13.460534 seconds.
  path: Assets/Materials/ArmyLite.mat
  artifactKey: Guid(8c0fd41109be4e3498eb9f4fb62d1756) Importer(815301076,1909f56bfc062723c751e8b465ee728b)
Start importing Assets/Materials/ArmyLite.mat using Guid(8c0fd41109be4e3498eb9f4fb62d1756) Importer(815301076,1909f56bfc062723c751e8b465ee728b)  -> (artifact id: '6e042b208190d9060ad905d0c2724b7c') in 0.020228 seconds
  Import took 0.024583 seconds .

========================================================================
Received Import Request.
  Time since last request: 118.460108 seconds.
  path: Assets/Materials/ArmyLite.mat
  artifactKey: Guid(8c0fd41109be4e3498eb9f4fb62d1756) Importer(815301076,1909f56bfc062723c751e8b465ee728b)
Start importing Assets/Materials/ArmyLite.mat using Guid(8c0fd41109be4e3498eb9f4fb62d1756) Importer(815301076,1909f56bfc062723c751e8b465ee728b)  -> (artifact id: 'ee6cc36f652b206f0345242927541dfa') in 0.020653 seconds
  Import took 0.024381 seconds .

========================================================================
Received Import Request.
  Time since last request: 145.316588 seconds.
  path: Assets/Prefabs/Bullets/Granade.prefab
  artifactKey: Guid(a9cd99541b9888e41897dc5adfaeda3a) Importer(815301076,1909f56bfc062723c751e8b465ee728b)
Start importing Assets/Prefabs/Bullets/Granade.prefab using Guid(a9cd99541b9888e41897dc5adfaeda3a) Importer(815301076,1909f56bfc062723c751e8b465ee728b)  -> (artifact id: '8a46822d7b72f88cab2f95d38f2799fd') in 0.065524 seconds
  Import took 0.070413 seconds .

========================================================================
Received Import Request.
  Time since last request: 0.008868 seconds.
  path: Assets/Prefabs/Bullets/Granade.prefab
  artifactKey: Guid(a9cd99541b9888e41897dc5adfaeda3a) Importer(815301076,1909f56bfc062723c751e8b465ee728b)
Start importing Assets/Prefabs/Bullets/Granade.prefab using Guid(a9cd99541b9888e41897dc5adfaeda3a) Importer(815301076,1909f56bfc062723c751e8b465ee728b)  -> (artifact id: '8a46822d7b72f88cab2f95d38f2799fd') in 0.021802 seconds
  Import took 0.026267 seconds .

========================================================================
Received Prepare
Registering precompiled user dll's ...
Registered in 0.001197 seconds.
Begin MonoManager ReloadAssembly
Native extension for WindowsStandalone target not found
Refreshing native plugins compatible for Editor in 0.36 ms, found 0 plugins.
Preloading 0 native plugins for Editor in 0.00 ms.
Invoked RoslynAnalysisRunner static constructor.
RoslynAnalysisRunner will not be running.
RoslynAnalysisRunner has terminated.
Mono: successfully reloaded assembly
- Completed reload, in  1.276 seconds
Platform modules already initialized, skipping
Refreshing native plugins compatible for Editor in 0.37 ms, found 0 plugins.
Preloading 0 native plugins for Editor in 0.00 ms.
Unloading 1211 Unused Serialized files (Serialized files now loaded: 0)
System memory in use before: 81.4 MB.
System memory in use after: 81.5 MB.

Unloading 5 unused Assets to reduce memory usage. Loaded Objects now: 1809.
Total: 4.041500 ms (FindLiveObjects: 0.382000 ms CreateObjectMapping: 0.158300 ms MarkObjects: 3.365000 ms  DeleteObjects: 0.134400 ms)

========================================================================
Received Prepare
Registering precompiled user dll's ...
Registered in 0.000845 seconds.
Begin MonoManager ReloadAssembly
Native extension for WindowsStandalone target not found
Refreshing native plugins compatible for Editor in 0.28 ms, found 0 plugins.
Preloading 0 native plugins for Editor in 0.00 ms.
Invoked RoslynAnalysisRunner static constructor.
RoslynAnalysisRunner will not be running.
RoslynAnalysisRunner has terminated.
Mono: successfully reloaded assembly
- Completed reload, in  1.022 seconds
Platform modules already initialized, skipping
Refreshing native plugins compatible for Editor in 0.33 ms, found 0 plugins.
Preloading 0 native plugins for Editor in 0.00 ms.
Unloading 1211 Unused Serialized files (Serialized files now loaded: 0)
System memory in use before: 81.4 MB.
System memory in use after: 81.5 MB.

Unloading 5 unused Assets to reduce memory usage. Loaded Objects now: 1811.
Total: 2.643100 ms (FindLiveObjects: 0.321100 ms CreateObjectMapping: 0.090900 ms MarkObjects: 2.118600 ms  DeleteObjects: 0.110800 ms)

========================================================================
Received Import Request.
  Time since last request: 582.454782 seconds.
  path: Assets/Materials/ArmyStrong.mat
  artifactKey: Guid(2999f1adc874f974abd31555c38a829e) Importer(815301076,1909f56bfc062723c751e8b465ee728b)
Start importing Assets/Materials/ArmyStrong.mat using Guid(2999f1adc874f974abd31555c38a829e) Importer(815301076,1909f56bfc062723c751e8b465ee728b)  -> (artifact id: 'f9f838cd98bb96af3a305b8b20549180') in 0.072679 seconds
  Import took 0.076869 seconds .

========================================================================
Received Prepare
Registering precompiled user dll's ...
Registered in 0.001083 seconds.
Begin MonoManager ReloadAssembly
Native extension for WindowsStandalone target not found
Refreshing native plugins compatible for Editor in 0.30 ms, found 0 plugins.
Preloading 0 native plugins for Editor in 0.00 ms.
Invoked RoslynAnalysisRunner static constructor.
RoslynAnalysisRunner will not be running.
RoslynAnalysisRunner has terminated.
Mono: successfully reloaded assembly
- Completed reload, in  1.334 seconds
Platform modules already initialized, skipping
Refreshing native plugins compatible for Editor in 0.30 ms, found 0 plugins.
Preloading 0 native plugins for Editor in 0.00 ms.
Unloading 1211 Unused Serialized files (Serialized files now loaded: 0)
System memory in use before: 81.2 MB.
System memory in use after: 81.3 MB.

Unloading 5 unused Assets to reduce memory usage. Loaded Objects now: 1814.
Total: 4.349900 ms (FindLiveObjects: 0.230000 ms CreateObjectMapping: 0.043400 ms MarkObjects: 3.800400 ms  DeleteObjects: 0.271900 ms)

========================================================================
Received Prepare
Registering precompiled user dll's ...
Registered in 0.001248 seconds.
Begin MonoManager ReloadAssembly
Native extension for WindowsStandalone target not found
Refreshing native plugins compatible for Editor in 0.31 ms, found 0 plugins.
Preloading 0 native plugins for Editor in 0.00 ms.
Invoked RoslynAnalysisRunner static constructor.
RoslynAnalysisRunner will not be running.
RoslynAnalysisRunner has terminated.
Mono: successfully reloaded assembly
- Completed reload, in  1.367 seconds
Platform modules already initialized, skipping
Refreshing native plugins compatible for Editor in 0.57 ms, found 0 plugins.
Preloading 0 native plugins for Editor in 0.00 ms.
Unloading 1212 Unused Serialized files (Serialized files now loaded: 0)
System memory in use before: 81.2 MB.
System memory in use after: 81.3 MB.

Unloading 5 unused Assets to reduce memory usage. Loaded Objects now: 1817.
Total: 8.073500 ms (FindLiveObjects: 5.980600 ms CreateObjectMapping: 0.100600 ms MarkObjects: 1.866600 ms  DeleteObjects: 0.121800 ms)

========================================================================
Received Prepare
Registering precompiled user dll's ...
Registered in 0.000928 seconds.
Begin MonoManager ReloadAssembly
Native extension for WindowsStandalone target not found
Refreshing native plugins compatible for Editor in 0.29 ms, found 0 plugins.
Preloading 0 native plugins for Editor in 0.00 ms.
Invoked RoslynAnalysisRunner static constructor.
RoslynAnalysisRunner will not be running.
RoslynAnalysisRunner has terminated.
Mono: successfully reloaded assembly
- Completed reload, in  1.608 seconds
Platform modules already initialized, skipping
Refreshing native plugins compatible for Editor in 0.33 ms, found 0 plugins.
Preloading 0 native plugins for Editor in 0.00 ms.
Unloading 1212 Unused Serialized files (Serialized files now loaded: 0)
System memory in use before: 81.2 MB.
System memory in use after: 81.3 MB.

Unloading 5 unused Assets to reduce memory usage. Loaded Objects now: 1819.
Total: 2.650000 ms (FindLiveObjects: 0.270000 ms CreateObjectMapping: 0.056200 ms MarkObjects: 2.228200 ms  DeleteObjects: 0.094100 ms)

========================================================================
Received Prepare
Registering precompiled user dll's ...
Registered in 0.003222 seconds.
Begin MonoManager ReloadAssembly
Native extension for WindowsStandalone target not found
Refreshing native plugins compatible for Editor in 0.30 ms, found 0 plugins.
Preloading 0 native plugins for Editor in 0.00 ms.
Invoked RoslynAnalysisRunner static constructor.
RoslynAnalysisRunner will not be running.
RoslynAnalysisRunner has terminated.
Mono: successfully reloaded assembly
- Completed reload, in  0.941 seconds
Platform modules already initialized, skipping
Refreshing native plugins compatible for Editor in 0.36 ms, found 0 plugins.
Preloading 0 native plugins for Editor in 0.00 ms.
Unloading 1224 Unused Serialized files (Serialized files now loaded: 0)
System memory in use before: 82.3 MB.
System memory in use after: 82.0 MB.

Unloading 7 unused Assets to reduce memory usage. Loaded Objects now: 1831.
Total: 2.871600 ms (FindLiveObjects: 0.325600 ms CreateObjectMapping: 0.142600 ms MarkObjects: 2.047100 ms  DeleteObjects: 0.354400 ms)

========================================================================
Received Prepare
Registering precompiled user dll's ...
Registered in 0.001488 seconds.
Begin MonoManager ReloadAssembly
Native extension for WindowsStandalone target not found
Refreshing native plugins compatible for Editor in 0.37 ms, found 0 plugins.
Preloading 0 native plugins for Editor in 0.00 ms.
Invoked RoslynAnalysisRunner static constructor.
RoslynAnalysisRunner will not be running.
RoslynAnalysisRunner has terminated.
Mono: successfully reloaded assembly
- Completed reload, in  1.036 seconds
Platform modules already initialized, skipping
Refreshing native plugins compatible for Editor in 0.33 ms, found 0 plugins.
Preloading 0 native plugins for Editor in 0.00 ms.
Unloading 1223 Unused Serialized files (Serialized files now loaded: 0)
System memory in use before: 82.1 MB.
System memory in use after: 81.9 MB.

Unloading 7 unused Assets to reduce memory usage. Loaded Objects now: 1833.
Total: 2.511700 ms (FindLiveObjects: 0.295100 ms CreateObjectMapping: 0.073500 ms MarkObjects: 1.809400 ms  DeleteObjects: 0.332200 ms)

========================================================================
Received Prepare
Registering precompiled user dll's ...
Registered in 0.002023 seconds.
Begin MonoManager ReloadAssembly
Native extension for WindowsStandalone target not found
Refreshing native plugins compatible for Editor in 0.34 ms, found 0 plugins.
Preloading 0 native plugins for Editor in 0.00 ms.
Invoked RoslynAnalysisRunner static constructor.
RoslynAnalysisRunner will not be running.
RoslynAnalysisRunner has terminated.
Mono: successfully reloaded assembly
- Completed reload, in  1.314 seconds
Platform modules already initialized, skipping
Refreshing native plugins compatible for Editor in 0.51 ms, found 0 plugins.
Preloading 0 native plugins for Editor in 0.00 ms.
Unloading 1223 Unused Serialized files (Serialized files now loaded: 0)
System memory in use before: 82.1 MB.
System memory in use after: 81.9 MB.

Unloading 7 unused Assets to reduce memory usage. Loaded Objects now: 1835.
Total: 2.759800 ms (FindLiveObjects: 0.163600 ms CreateObjectMapping: 0.040500 ms MarkObjects: 2.188600 ms  DeleteObjects: 0.366100 ms)

========================================================================
Received Prepare
Registering precompiled user dll's ...
Registered in 0.003877 seconds.
Begin MonoManager ReloadAssembly
Native extension for WindowsStandalone target not found
Refreshing native plugins compatible for Editor in 0.34 ms, found 0 plugins.
Preloading 0 native plugins for Editor in 0.00 ms.
Invoked RoslynAnalysisRunner static constructor.
RoslynAnalysisRunner will not be running.
RoslynAnalysisRunner has terminated.
Mono: successfully reloaded assembly
- Completed reload, in  1.538 seconds
Platform modules already initialized, skipping
Refreshing native plugins compatible for Editor in 0.40 ms, found 0 plugins.
Preloading 0 native plugins for Editor in 0.00 ms.
Unloading 1223 Unused Serialized files (Serialized files now loaded: 0)
System memory in use before: 82.2 MB.
System memory in use after: 81.9 MB.

Unloading 7 unused Assets to reduce memory usage. Loaded Objects now: 1837.
Total: 5.943500 ms (FindLiveObjects: 1.281000 ms CreateObjectMapping: 0.349000 ms MarkObjects: 3.753600 ms  DeleteObjects: 0.556200 ms)

========================================================================
Received Prepare
Registering precompiled user dll's ...
Registered in 0.001501 seconds.
Begin MonoManager ReloadAssembly
Native extension for WindowsStandalone target not found
Refreshing native plugins compatible for Editor in 0.79 ms, found 0 plugins.
Preloading 0 native plugins for Editor in 0.00 ms.
Invoked RoslynAnalysisRunner static constructor.
RoslynAnalysisRunner will not be running.
RoslynAnalysisRunner has terminated.
Mono: successfully reloaded assembly
- Completed reload, in  1.200 seconds
Platform modules already initialized, skipping
Refreshing native plugins compatible for Editor in 0.34 ms, found 0 plugins.
Preloading 0 native plugins for Editor in 0.00 ms.
Unloading 1223 Unused Serialized files (Serialized files now loaded: 0)
System memory in use before: 82.1 MB.
System memory in use after: 81.9 MB.

Unloading 7 unused Assets to reduce memory usage. Loaded Objects now: 1839.
Total: 2.853100 ms (FindLiveObjects: 0.403300 ms CreateObjectMapping: 0.146800 ms MarkObjects: 1.921700 ms  DeleteObjects: 0.379300 ms)

========================================================================
Received Prepare
Registering precompiled user dll's ...
Registered in 0.001445 seconds.
Begin MonoManager ReloadAssembly
Native extension for WindowsStandalone target not found
Refreshing native plugins compatible for Editor in 0.31 ms, found 0 plugins.
Preloading 0 native plugins for Editor in 0.00 ms.
Invoked RoslynAnalysisRunner static constructor.
RoslynAnalysisRunner will not be running.
RoslynAnalysisRunner has terminated.
Mono: successfully reloaded assembly
- Completed reload, in  1.029 seconds
Platform modules already initialized, skipping
Refreshing native plugins compatible for Editor in 0.36 ms, found 0 plugins.
Preloading 0 native plugins for Editor in 0.00 ms.
Unloading 1223 Unused Serialized files (Serialized files now loaded: 0)
System memory in use before: 82.2 MB.
System memory in use after: 81.9 MB.

Unloading 7 unused Assets to reduce memory usage. Loaded Objects now: 1841.
Total: 4.796200 ms (FindLiveObjects: 0.201800 ms CreateObjectMapping: 0.066200 ms MarkObjects: 4.032300 ms  DeleteObjects: 0.493700 ms)

========================================================================
Received Prepare
Registering precompiled user dll's ...
Registered in 0.002268 seconds.
Begin MonoManager ReloadAssembly
Native extension for WindowsStandalone target not found
Refreshing native plugins compatible for Editor in 0.74 ms, found 0 plugins.
Preloading 0 native plugins for Editor in 0.00 ms.
Invoked RoslynAnalysisRunner static constructor.
RoslynAnalysisRunner will not be running.
RoslynAnalysisRunner has terminated.
Mono: successfully reloaded assembly
- Completed reload, in  1.121 seconds
Platform modules already initialized, skipping
Refreshing native plugins compatible for Editor in 0.35 ms, found 0 plugins.
Preloading 0 native plugins for Editor in 0.00 ms.
Unloading 1223 Unused Serialized files (Serialized files now loaded: 0)
System memory in use before: 82.2 MB.
System memory in use after: 81.9 MB.

Unloading 7 unused Assets to reduce memory usage. Loaded Objects now: 1843.
Total: 3.307700 ms (FindLiveObjects: 0.227800 ms CreateObjectMapping: 0.051800 ms MarkObjects: 2.248400 ms  DeleteObjects: 0.778300 ms)

========================================================================
Received Prepare
Registering precompiled user dll's ...
Registered in 0.001486 seconds.
Begin MonoManager ReloadAssembly
Native extension for WindowsStandalone target not found
Refreshing native plugins compatible for Editor in 0.39 ms, found 0 plugins.
Preloading 0 native plugins for Editor in 0.00 ms.
Invoked RoslynAnalysisRunner static constructor.
RoslynAnalysisRunner will not be running.
RoslynAnalysisRunner has terminated.
Mono: successfully reloaded assembly
- Completed reload, in  1.592 seconds
Platform modules already initialized, skipping
Refreshing native plugins compatible for Editor in 0.31 ms, found 0 plugins.
Preloading 0 native plugins for Editor in 0.00 ms.
Unloading 1223 Unused Serialized files (Serialized files now loaded: 0)
System memory in use before: 82.2 MB.
System memory in use after: 81.9 MB.

Unloading 7 unused Assets to reduce memory usage. Loaded Objects now: 1845.
Total: 2.472700 ms (FindLiveObjects: 0.235000 ms CreateObjectMapping: 0.048300 ms MarkObjects: 1.826700 ms  DeleteObjects: 0.360900 ms)

========================================================================
Received Import Request.
  Time since last request: 77351.618250 seconds.
  path: Assets/Scenes/Level.unity
  artifactKey: Guid(2bbdc8773f58cd34781593713f044b05) Importer(815301076,1909f56bfc062723c751e8b465ee728b)
Start importing Assets/Scenes/Level.unity using Guid(2bbdc8773f58cd34781593713f044b05) Importer(815301076,1909f56bfc062723c751e8b465ee728b)  -> (artifact id: 'c691504f2bda814f9f1f4dc6714f4b96') in 0.027515 seconds
  Import took 0.114479 seconds .

========================================================================
Received Prepare
Registering precompiled user dll's ...
Registered in 0.002121 seconds.
Begin MonoManager ReloadAssembly
Native extension for WindowsStandalone target not found
Refreshing native plugins compatible for Editor in 0.45 ms, found 0 plugins.
Preloading 0 native plugins for Editor in 0.00 ms.
Invoked RoslynAnalysisRunner static constructor.
RoslynAnalysisRunner will not be running.
RoslynAnalysisRunner has terminated.
Mono: successfully reloaded assembly
- Completed reload, in  1.785 seconds
Platform modules already initialized, skipping
Refreshing native plugins compatible for Editor in 1.10 ms, found 0 plugins.
Preloading 0 native plugins for Editor in 0.00 ms.
Unloading 1223 Unused Serialized files (Serialized files now loaded: 0)
System memory in use before: 82.2 MB.
System memory in use after: 82.0 MB.

Unloading 7 unused Assets to reduce memory usage. Loaded Objects now: 1847.
Total: 5.304100 ms (FindLiveObjects: 0.467000 ms CreateObjectMapping: 0.158100 ms MarkObjects: 4.207900 ms  DeleteObjects: 0.469000 ms)

========================================================================
Received Prepare
Trying to reload asset but can't find object on disk

Trying to reload asset but can't find object on disk

Trying to reload asset but can't find object on disk

Trying to reload asset but can't find object on disk

Trying to reload asset but can't find object on disk

Trying to reload asset but can't find object on disk

Trying to reload asset but can't find object on disk

Trying to reload asset but can't find object on disk

Trying to reload asset but can't find object on disk

Trying to reload asset but can't find object on disk

Trying to reload asset but can't find object on disk

Trying to reload asset but can't find object on disk

Trying to reload asset but can't find object on disk

Trying to reload asset but can't find object on disk

Trying to reload asset but can't find object on disk

Trying to reload asset but can't find object on disk

Trying to reload asset but can't find object on disk

Trying to reload asset but can't find object on disk

Registering precompiled user dll's ...
Registered in 0.001561 seconds.
Begin MonoManager ReloadAssembly
Native extension for WindowsStandalone target not found
Refreshing native plugins compatible for Editor in 0.20 ms, found 0 plugins.
Preloading 0 native plugins for Editor in 0.00 ms.
Invoked RoslynAnalysisRunner static constructor.
RoslynAnalysisRunner will not be running.
RoslynAnalysisRunner has terminated.
Mono: successfully reloaded assembly
- Completed reload, in  1.025 seconds
Platform modules already initialized, skipping
Refreshing native plugins compatible for Editor in 0.42 ms, found 0 plugins.
Preloading 0 native plugins for Editor in 0.00 ms.
Unloading 1098 Unused Serialized files (Serialized files now loaded: 0)
System memory in use before: 79.2 MB.
System memory in use after: 79.2 MB.

Unloading 91 unused Assets to reduce memory usage. Loaded Objects now: 1763.
Total: 2.795200 ms (FindLiveObjects: 0.207300 ms CreateObjectMapping: 0.056000 ms MarkObjects: 2.381300 ms  DeleteObjects: 0.148800 ms)

========================================================================
Received Prepare
Registering precompiled user dll's ...
Registered in 0.001589 seconds.
Begin MonoManager ReloadAssembly
Native extension for WindowsStandalone target not found
Refreshing native plugins compatible for Editor in 0.30 ms, found 0 plugins.
Preloading 0 native plugins for Editor in 0.00 ms.
Invoked RoslynAnalysisRunner static constructor.
RoslynAnalysisRunner will not be running.
RoslynAnalysisRunner has terminated.
Mono: successfully reloaded assembly
- Completed reload, in  0.986 seconds
Platform modules already initialized, skipping
Refreshing native plugins compatible for Editor in 0.37 ms, found 0 plugins.
Preloading 0 native plugins for Editor in 0.00 ms.
Unloading 1223 Unused Serialized files (Serialized files now loaded: 0)
System memory in use before: 82.3 MB.
System memory in use after: 82.0 MB.

Unloading 7 unused Assets to reduce memory usage. Loaded Objects now: 1851.
Total: 3.253600 ms (FindLiveObjects: 0.269300 ms CreateObjectMapping: 0.049300 ms MarkObjects: 2.391000 ms  DeleteObjects: 0.542600 ms)

========================================================================
Received Import Request.
  Time since last request: 1952.155740 seconds.
  path: Assets/MasterMIxer.mixer
  artifactKey: Guid(d600efebca1d4964cac5b02286686ff2) Importer(815301076,1909f56bfc062723c751e8b465ee728b)
Start importing Assets/MasterMIxer.mixer using Guid(d600efebca1d4964cac5b02286686ff2) Importer(815301076,1909f56bfc062723c751e8b465ee728b)  -> (artifact id: '87a799c9559c808604817dc3aa670ac9') in 0.029570 seconds
  Import took 0.050857 seconds .

========================================================================
Received Import Request.
  Time since last request: 20.745466 seconds.
  path: Assets/MasterMIxer.mixer
  artifactKey: Guid(d600efebca1d4964cac5b02286686ff2) Importer(815301076,1909f56bfc062723c751e8b465ee728b)
Start importing Assets/MasterMIxer.mixer using Guid(d600efebca1d4964cac5b02286686ff2) Importer(815301076,1909f56bfc062723c751e8b465ee728b)  -> (artifact id: 'c59c37433f930937fa8f01776bf5e277') in 0.003944 seconds
  Import took 0.039340 seconds .

========================================================================
Received Prepare
Registering precompiled user dll's ...
Registered in 0.001914 seconds.
Begin MonoManager ReloadAssembly
Native extension for WindowsStandalone target not found
Refreshing native plugins compatible for Editor in 1.10 ms, found 0 plugins.
Preloading 0 native plugins for Editor in 0.00 ms.
Invoked RoslynAnalysisRunner static constructor.
RoslynAnalysisRunner will not be running.
RoslynAnalysisRunner has terminated.
Mono: successfully reloaded assembly
- Completed reload, in  1.300 seconds
Platform modules already initialized, skipping
Refreshing native plugins compatible for Editor in 0.34 ms, found 0 plugins.
Preloading 0 native plugins for Editor in 0.00 ms.
Unloading 1223 Unused Serialized files (Serialized files now loaded: 0)
System memory in use before: 82.4 MB.
System memory in use after: 82.1 MB.

Unloading 7 unused Assets to reduce memory usage. Loaded Objects now: 1853.
Total: 2.872400 ms (FindLiveObjects: 0.300300 ms CreateObjectMapping: 0.113100 ms MarkObjects: 2.116300 ms  DeleteObjects: 0.341600 ms)

AssetImportWorkerClient::OnTransportError - code=2 error=End of file
